-------------------------------------------------------------------------------
Test set: TestSuite
-------------------------------------------------------------------------------
Tests run: 3, Failures: 1, Errors: 0, Skipped: 0, Time elapsed: 64.24 s <<< FAILURE! - in TestSuite
pageObjects.validateTitle.basePageNavigation  Time elapsed: 0.077 s  <<< FAILURE!
java.lang.AssertionError: expected [Featured Courses123] but found [Featured Courses]
	at pageObjects.validateTitle.basePageNavigation(validateTitle.java:43)

